================================================================================
Cumulant propagation (REAL, src/mlp_kprop) vs Monte-Carlo — train-to-zero
================================================================================
config: k_max=3,kind=simple,use_avg_metric=False,factor=True,use_pK=True,output_d_max=1
widths=[64, 128, 256, 512] seeds=[0, 1, 2, 3, 4] device=cpu mc_samples=64000 train_steps=5000
activation=relu bias=True input_dim=64 output_dim=1 hidden_depth=3

Running cumulant-propagation adapter sanity checks...
  [sanity:single-linear] max|cp_mean - b| = 0.000e+00  -> PASS
  [sanity:small-mlp] cp_mean=[-0.29797333]  mc_mean=[-0.30442614]  max|err|=6.453e-03  rel_err=2.120e-02  (<= 6.0sigma: False) -> PASS
Sanity checks PASSED.

--- width=64 seed=0 ---
    initial: cp_mean=-1.5126e+00 mc_mean=-1.5171e+00 abs_err=4.559e-03 nmse=9.031e-06 var_norm=6.458e-06 out_rms=1.794e+00
    trained: final_loss=4.534e-06 cp_mean=+9.5349e-03 mc_mean=+9.5851e-03 abs_err=5.018e-05 nmse=2.741e-05 var_norm=2.612e-05 out_rms=9.817e-03
--- width=64 seed=1 ---
    initial: cp_mean=+2.9529e+00 mc_mean=+2.9552e+00 abs_err=2.288e-03 nmse=5.993e-07 var_norm=5.512e-07 out_rms=3.081e+00
    trained: final_loss=7.619e-05 cp_mean=-8.2465e-03 mc_mean=-8.1985e-03 abs_err=4.801e-05 nmse=3.429e-05 var_norm=3.064e-05 out_rms=8.674e-03
--- width=64 seed=2 ---
    initial: cp_mean=+9.4532e-02 mc_mean=+9.1803e-02 abs_err=2.729e-03 nmse=8.839e-04 var_norm=8.503e-06 out_rms=9.360e-01
    trained: final_loss=3.603e-04 cp_mean=+1.8411e-02 mc_mean=+1.8285e-02 abs_err=1.269e-04 nmse=4.816e-05 var_norm=4.685e-05 out_rms=1.854e-02
--- width=64 seed=3 ---
    initial: cp_mean=-1.4843e+00 mc_mean=-1.4826e+00 abs_err=1.723e-03 nmse=1.350e-06 var_norm=1.013e-06 out_rms=1.711e+00
    trained: final_loss=1.083e-05 cp_mean=-3.2577e-03 mc_mean=-3.2592e-03 abs_err=1.444e-06 nmse=1.962e-07 var_norm=1.494e-07 out_rms=3.735e-03
--- width=64 seed=4 ---
    initial: cp_mean=-1.6676e+00 mc_mean=-1.6678e+00 abs_err=1.996e-04 nmse=1.432e-08 var_norm=1.156e-08 out_rms=1.857e+00
    trained: final_loss=4.940e-06 cp_mean=-1.5866e-03 mc_mean=-1.5129e-03 abs_err=7.363e-05 nmse=2.368e-03 var_norm=9.891e-04 out_rms=2.341e-03
--- width=128 seed=0 ---
    initial: cp_mean=-1.2160e+00 mc_mean=-1.2139e+00 abs_err=2.110e-03 nmse=3.022e-06 var_norm=2.449e-06 out_rms=1.348e+00
    trained: final_loss=1.296e-05 cp_mean=-2.0897e-03 mc_mean=-2.0887e-03 abs_err=1.013e-06 nmse=2.351e-07 var_norm=7.847e-08 out_rms=3.615e-03
--- width=128 seed=1 ---
    initial: cp_mean=+8.1718e-01 mc_mean=+8.1920e-01 abs_err=2.020e-03 nmse=6.078e-06 var_norm=3.317e-06 out_rms=1.109e+00
    trained: final_loss=5.756e-06 cp_mean=+1.1013e-03 mc_mean=+1.1395e-03 abs_err=3.821e-05 nmse=1.124e-03 var_norm=1.870e-04 out_rms=2.794e-03
--- width=128 seed=2 ---
    initial: cp_mean=+1.2876e+00 mc_mean=+1.2827e+00 abs_err=4.872e-03 nmse=1.443e-05 var_norm=1.017e-05 out_rms=1.528e+00
    trained: final_loss=1.087e-05 cp_mean=+3.6504e-04 mc_mean=+4.3462e-04 abs_err=6.958e-05 nmse=2.563e-02 var_norm=4.196e-04 out_rms=3.397e-03
--- width=128 seed=3 ---
    initial: cp_mean=+9.9952e-01 mc_mean=+9.9948e-01 abs_err=4.672e-05 nmse=2.185e-09 var_norm=1.156e-09 out_rms=1.374e+00
    trained: final_loss=2.454e-05 cp_mean=-4.4539e-03 mc_mean=-4.4122e-03 abs_err=4.165e-05 nmse=8.911e-05 var_norm=6.959e-05 out_rms=4.993e-03
--- width=128 seed=4 ---
    initial: cp_mean=+1.2763e+00 mc_mean=+1.2746e+00 abs_err=1.695e-03 nmse=1.769e-06 var_norm=1.126e-06 out_rms=1.597e+00
    trained: final_loss=3.593e-05 cp_mean=+1.4029e-02 mc_mean=+1.3985e-02 abs_err=4.458e-05 nmse=1.016e-05 var_norm=9.217e-06 out_rms=1.468e-02
--- width=256 seed=0 ---
    initial: cp_mean=+7.0969e-01 mc_mean=+7.1121e-01 abs_err=1.520e-03 nmse=4.568e-06 var_norm=2.458e-06 out_rms=9.696e-01
    trained: final_loss=2.459e-05 cp_mean=-1.3354e-03 mc_mean=-1.3131e-03 abs_err=2.223e-05 nmse=2.866e-04 var_norm=2.192e-05 out_rms=4.749e-03
--- width=256 seed=1 ---
    initial: cp_mean=-1.9513e+00 mc_mean=-1.9513e+00 abs_err=2.186e-05 nmse=1.255e-10 var_norm=1.095e-10 out_rms=2.089e+00
    trained: final_loss=2.292e-05 cp_mean=-7.7245e-04 mc_mean=-7.9222e-04 abs_err=1.977e-05 nmse=6.226e-04 var_norm=1.963e-05 out_rms=4.462e-03
--- width=256 seed=2 ---
    initial: cp_mean=+4.4660e-01 mc_mean=+4.5016e-01 abs_err=3.557e-03 nmse=6.245e-05 var_norm=2.164e-05 out_rms=7.647e-01
    trained: final_loss=3.353e-05 cp_mean=-4.7979e-03 mc_mean=-4.7985e-03 abs_err=6.099e-07 nmse=1.615e-08 var_norm=1.203e-08 out_rms=5.560e-03
--- width=256 seed=3 ---
    initial: cp_mean=+3.6414e+00 mc_mean=+3.6377e+00 abs_err=3.786e-03 nmse=1.083e-06 var_norm=1.040e-06 out_rms=3.712e+00
    trained: final_loss=2.014e-05 cp_mean=-2.7360e-03 mc_mean=-2.7521e-03 abs_err=1.609e-05 nmse=3.416e-05 var_norm=1.578e-05 out_rms=4.049e-03
--- width=256 seed=4 ---
    initial: cp_mean=-1.2614e+00 mc_mean=-1.2603e+00 abs_err=1.141e-03 nmse=8.195e-07 var_norm=5.519e-07 out_rms=1.536e+00
    trained: final_loss=3.102e-04 cp_mean=-1.7078e-02 mc_mean=-1.7060e-02 abs_err=1.773e-05 nmse=1.081e-06 var_norm=9.897e-07 out_rms=1.783e-02
--- width=512 seed=0 ---
    initial: cp_mean=-2.1467e+00 mc_mean=-2.1501e+00 abs_err=3.399e-03 nmse=2.500e-06 var_norm=2.253e-06 out_rms=2.265e+00
    trained: final_loss=5.565e-05 cp_mean=-8.2581e-03 mc_mean=-8.2499e-03 abs_err=8.203e-06 nmse=9.886e-07 var_norm=8.527e-07 out_rms=8.883e-03
--- width=512 seed=1 ---
    initial: cp_mean=-2.7199e+00 mc_mean=-2.7177e+00 abs_err=2.213e-03 nmse=6.633e-07 var_norm=6.115e-07 out_rms=2.831e+00
    trained: final_loss=1.126e-04 cp_mean=-4.1044e-04 mc_mean=-4.1774e-04 abs_err=7.300e-06 nmse=3.053e-04 var_norm=1.227e-06 out_rms=6.591e-03
--- width=512 seed=2 ---
    initial: cp_mean=+1.1770e+00 mc_mean=+1.1733e+00 abs_err=3.709e-03 nmse=9.996e-06 var_norm=6.192e-06 out_rms=1.491e+00
    trained: final_loss=9.592e-05 cp_mean=-8.9574e-03 mc_mean=-8.9372e-03 abs_err=2.017e-05 nmse=5.095e-06 var_norm=3.793e-06 out_rms=1.036e-02
--- width=512 seed=3 ---
    initial: cp_mean=-5.7777e-01 mc_mean=-5.7954e-01 abs_err=1.769e-03 nmse=9.322e-06 var_norm=3.033e-06 out_rms=1.016e+00
    trained: final_loss=1.418e-04 cp_mean=+1.2565e-02 mc_mean=+1.2551e-02 abs_err=1.396e-05 nmse=1.238e-06 var_norm=1.127e-06 out_rms=1.315e-02
--- width=512 seed=4 ---
    initial: cp_mean=-1.4884e+00 mc_mean=-1.4846e+00 abs_err=3.772e-03 nmse=6.454e-06 var_norm=5.143e-06 out_rms=1.663e+00
    trained: final_loss=2.258e-05 cp_mean=+1.0421e-04 mc_mean=+1.2158e-04 abs_err=1.737e-05 nmse=2.040e-02 var_norm=1.693e-05 out_rms=4.221e-03

Wrote CSV: results/cumulant_train_to_zero/cumulant_train_to_zero_mean_results.csv
Wrote plots:
   results/cumulant_train_to_zero/plots/abs_error_vs_width.png
   results/cumulant_train_to_zero/plots/nmse_vs_width.png
   results/cumulant_train_to_zero/plots/variance_normalized_error_vs_width.png
   results/cumulant_train_to_zero/plots/output_rms_vs_width.png
   results/cumulant_train_to_zero/plots/final_train_loss_vs_width.png

================================================================================
WIDTH SUMMARY (median over seeds; status==ok only)
================================================================================
width=64:
    initial          median abs_err=2.288e-03  NMSE=1.350e-06  var_norm_err=1.013e-06  out_rms=1.794e+00
    trained_to_zero  median abs_err=5.018e-05  NMSE=3.429e-05  var_norm_err=3.064e-05  out_rms=8.674e-03
width=128:
    initial          median abs_err=2.020e-03  NMSE=3.022e-06  var_norm_err=2.449e-06  out_rms=1.374e+00
    trained_to_zero  median abs_err=4.165e-05  NMSE=8.911e-05  var_norm_err=6.959e-05  out_rms=3.615e-03
width=256:
    initial          median abs_err=1.520e-03  NMSE=1.083e-06  var_norm_err=1.040e-06  out_rms=1.536e+00
    trained_to_zero  median abs_err=1.773e-05  NMSE=3.416e-05  var_norm_err=1.578e-05  out_rms=4.749e-03
width=512:
    initial          median abs_err=3.399e-03  NMSE=6.454e-06  var_norm_err=3.033e-06  out_rms=1.663e+00
    trained_to_zero  median abs_err=1.396e-05  NMSE=5.095e-06  var_norm_err=1.227e-06  out_rms=8.883e-03

--------------------------------------------------------------------------------
VERDICT (cautious): does cumulant propagation predict the mean after training to zero?
  trained-to-zero variance-normalized mean error (median by width): {64: 3.063663147581142e-05, 128: 6.959413008675557e-05, 256: 1.5780851276967007e-05, 512: 1.226544063084681e-06}
  initial (untrained) for comparison: {64: 1.013172521664729e-06, 128: 2.449209090532443e-06, 256: 1.0404124938666245e-06, 512: 3.0326050264264034e-06}
  Error trend with width is not increasing.
  In this run, cumulant propagation appears to REMAIN ACCURATE for the mean after training to zero (variance-normalized error stays small across widths).
  (Based on comparison to a 64000-sample Monte-Carlo estimate.)
