========================================================================================
Width-scaling of cumulant propagation: initial vs trained-to-zero (debiased vector MSE)
========================================================================================
widths=[64, 128, 256, 512] seeds=[0, 1, 2] k_maxs=[2, 3] output_dim=128 mc_samples=2000000 train_steps=3000
theory: per-entry RMS error ~ n^(-k_max/2)

  [initial         k=2 n=  64 s=0] debiased_rms=7.489e-03  measured_mse=5.64e-05  floor=2.94e-07  S/floor=190.7
  [initial         k=3 n=  64 s=0] debiased_rms=9.037e-04  measured_mse=1.11e-06  floor=2.94e-07  S/floor=2.8
  [trained_to_zero k=2 n=  64 s=0] debiased_rms=5.777e-05  measured_mse=3.36e-09  floor=2.72e-11  S/floor=122.8
  [trained_to_zero k=3 n=  64 s=0] debiased_rms=6.287e-05  measured_mse=3.98e-09  floor=2.72e-11  S/floor=145.4
  [initial         k=2 n=  64 s=1] debiased_rms=6.354e-03  measured_mse=4.08e-05  floor=3.88e-07  S/floor=104.1
  [initial         k=3 n=  64 s=1] debiased_rms=1.253e-03  measured_mse=1.96e-06  floor=3.88e-07  S/floor=4.1
  [trained_to_zero k=2 n=  64 s=1] debiased_rms=8.440e-05  measured_mse=7.14e-09  floor=1.75e-11  S/floor=408.1
  [trained_to_zero k=3 n=  64 s=1] debiased_rms=9.867e-05  measured_mse=9.75e-09  floor=1.75e-11  S/floor=557.7
  [initial         k=2 n=  64 s=2] debiased_rms=5.083e-03  measured_mse=2.61e-05  floor=2.49e-07  S/floor=103.9
  [initial         k=3 n=  64 s=2] debiased_rms=9.455e-04  measured_mse=1.14e-06  floor=2.49e-07  S/floor=3.6
  [trained_to_zero k=2 n=  64 s=2] debiased_rms=3.533e-05  measured_mse=1.26e-09  floor=1.19e-11  S/floor=105.2
  [trained_to_zero k=3 n=  64 s=2] debiased_rms=3.607e-05  measured_mse=1.31e-09  floor=1.19e-11  S/floor=109.6
  [initial         k=2 n= 128 s=0] debiased_rms=3.892e-03  measured_mse=1.55e-05  floor=3.31e-07  S/floor=45.8
  [initial         k=3 n= 128 s=0] debiased_rms=8.364e-04  measured_mse=1.03e-06  floor=3.31e-07  S/floor=2.1
  [trained_to_zero k=2 n= 128 s=0] debiased_rms=2.224e-05  measured_mse=5.16e-10  floor=2.13e-11  S/floor=23.2
  [trained_to_zero k=3 n= 128 s=0] debiased_rms=2.715e-05  measured_mse=7.59e-10  floor=2.13e-11  S/floor=34.6
  [initial         k=2 n= 128 s=1] debiased_rms=4.498e-03  measured_mse=2.05e-05  floor=2.99e-07  S/floor=67.6
  [initial         k=3 n= 128 s=1] debiased_rms=6.679e-04  measured_mse=7.45e-07  floor=2.99e-07  S/floor=1.5
  [trained_to_zero k=2 n= 128 s=1] debiased_rms=1.366e-04  measured_mse=1.87e-08  floor=3.40e-11  S/floor=548.9
  [trained_to_zero k=3 n= 128 s=1] debiased_rms=1.985e-04  measured_mse=3.94e-08  floor=3.40e-11  S/floor=1158.8
  [initial         k=2 n= 128 s=2] debiased_rms=4.847e-03  measured_mse=2.38e-05  floor=3.39e-07  S/floor=69.4
  [initial         k=3 n= 128 s=2] debiased_rms=7.457e-04  measured_mse=8.95e-07  floor=3.39e-07  S/floor=1.6
  [trained_to_zero k=2 n= 128 s=2] debiased_rms=2.715e-05  measured_mse=7.65e-10  floor=2.77e-11  S/floor=26.7
  [trained_to_zero k=3 n= 128 s=2] debiased_rms=2.091e-05  measured_mse=4.65e-10  floor=2.77e-11  S/floor=15.8
  [initial         k=2 n= 256 s=0] debiased_rms=2.659e-03  measured_mse=7.33e-06  floor=2.64e-07  S/floor=26.8
  [initial         k=3 n= 256 s=0] debiased_rms=2.160e-04  measured_mse=3.11e-07  floor=2.64e-07  S/floor=0.2
  [trained_to_zero k=2 n= 256 s=0] debiased_rms=4.514e-05  measured_mse=2.06e-09  floor=1.98e-11  S/floor=102.8
  [trained_to_zero k=3 n= 256 s=0] debiased_rms=3.580e-05  measured_mse=1.30e-09  floor=1.98e-11  S/floor=64.6
  [initial         k=2 n= 256 s=1] debiased_rms=2.779e-03  measured_mse=7.99e-06  floor=2.64e-07  S/floor=29.3
  [initial         k=3 n= 256 s=1] debiased_rms=2.237e-04  measured_mse=3.14e-07  floor=2.64e-07  S/floor=0.2
  [trained_to_zero k=2 n= 256 s=1] debiased_rms=3.054e-05  measured_mse=9.63e-10  floor=3.00e-11  S/floor=31.1
  [trained_to_zero k=3 n= 256 s=1] debiased_rms=4.348e-05  measured_mse=1.92e-09  floor=3.00e-11  S/floor=63.0
  [initial         k=2 n= 256 s=2] debiased_rms=2.584e-03  measured_mse=6.95e-06  floor=2.74e-07  S/floor=24.4
  [initial         k=3 n= 256 s=2] debiased_rms=4.144e-04  measured_mse=4.45e-07  floor=2.74e-07  S/floor=0.6
  [trained_to_zero k=2 n= 256 s=2] debiased_rms=3.447e-05  measured_mse=1.22e-09  floor=3.03e-11  S/floor=39.1
  [trained_to_zero k=3 n= 256 s=2] debiased_rms=4.096e-05  measured_mse=1.71e-09  floor=3.03e-11  S/floor=55.3
  [initial         k=2 n= 512 s=0] debiased_rms=2.086e-03  measured_mse=4.62e-06  floor=2.71e-07  S/floor=16.1
  [initial         k=3 n= 512 s=0] debiased_rms=2.949e-04  measured_mse=3.58e-07  floor=2.71e-07  S/floor=0.3
  [trained_to_zero k=2 n= 512 s=0] debiased_rms=2.103e-05  measured_mse=4.64e-10  floor=2.17e-11  S/floor=20.4
  [trained_to_zero k=3 n= 512 s=0] debiased_rms=1.905e-05  measured_mse=3.84e-10  floor=2.17e-11  S/floor=16.7
  [initial         k=2 n= 512 s=1] debiased_rms=2.460e-03  measured_mse=6.34e-06  floor=2.85e-07  S/floor=21.3
  [initial         k=3 n= 512 s=1] debiased_rms=0.000e+00  measured_mse=2.80e-07  floor=2.85e-07  S/floor=-0.0
  [trained_to_zero k=2 n= 512 s=1] debiased_rms=2.052e-05  measured_mse=4.47e-10  floor=2.62e-11  S/floor=16.1
  [trained_to_zero k=3 n= 512 s=1] debiased_rms=2.645e-05  measured_mse=7.26e-10  floor=2.62e-11  S/floor=26.7
  [initial         k=2 n= 512 s=2] debiased_rms=2.222e-03  measured_mse=5.28e-06  floor=3.40e-07  S/floor=14.5
  [initial         k=3 n= 512 s=2] debiased_rms=1.494e-04  measured_mse=3.62e-07  floor=3.40e-07  S/floor=0.1
